# JRE version: OpenJDK Runtime Environment (23.0.2+7) (build 23.0.2+7-58)
# Java VM: OpenJDK 64-Bit Server VM (23.0.2+7-58, mixed mode, sharing, tiered, compressed oops, compressed class ptrs, g1 gc, windows-amd64)
GC Precious Log:
 CardTable entry size: 512
 Card Set container configuration: InlinePtr #cards 5 size 8 Array Of Cards #cards 10 size 36 Howl #buckets 4 coarsen threshold 1843 Howl Bitmap #cards 512 size 80 coarsen threshold 460 Card regions per heap region 1 cards per card region 2048
 CPUs: 4 total, 4 available
 Memory: 7619M
 Large Page Support: Disabled
 NUMA Support: Disabled
 Compressed Oops: Enabled (32-bit)
 Heap Region Size: 1M
 Heap Min Capacity: 8M
 Heap Initial Capacity: 120M
 Heap Max Capacity: 1906M
 Pre-touch: Disabled
 Parallel Workers: 4
 Concurrent Workers: 1
 Concurrent Refinement Workers: 4
 Periodic GC: Disabled
Heap:
 garbage-first heap   total reserved 1951744K, committed 122880K, used 16493K [0x0000000088e00000, 0x0000000100000000)
  region size 1024K, 11 young (11264K), 5 survivors (5120K)
 Metaspace       used 20962K, committed 21376K, reserved 1114112K
  class space    used 2500K, committed 2688K, reserved 1048576K
GC Heap History (6 events):
Event: 0.878 GC heap before
{Heap before GC invocations=0 (full 0):
 garbage-first heap   total reserved 1951744K, committed 122880K, used 16384K [0x0000000088e00000, 0x0000000100000000)
  region size 1024K, 14 young (14336K), 0 survivors (0K)
 Metaspace       used 5047K, committed 5312K, reserved 1114112K
  class space    used 522K, committed 640K, reserved 1048576K
}
Event: 0.885 GC heap after
{Heap after GC invocations=1 (full 0):
 garbage-first heap   total reserved 1951744K, committed 122880K, used 6240K [0x0000000088e00000, 0x0000000100000000)
  region size 1024K, 2 young (2048K), 2 survivors (2048K)
 Metaspace       used 5047K, committed 5312K, reserved 1114112K
  class space    used 522K, committed 640K, reserved 1048576K
}
Event: 1.435 GC heap before
{Heap before GC invocations=1 (full 0):
 garbage-first heap   total reserved 1951744K, committed 122880K, used 18528K [0x0000000088e00000, 0x0000000100000000)
  region size 1024K, 14 young (14336K), 2 survivors (2048K)
 Metaspace       used 9799K, committed 10112K, reserved 1114112K
  class space    used 1093K, committed 1280K, reserved 1048576K
}
Event: 1.441 GC heap after
{Heap after GC invocations=2 (full 0):
 garbage-first heap   total reserved 1951744K, committed 122880K, used 7446K [0x0000000088e00000, 0x0000000100000000)
  region size 1024K, 2 young (2048K), 2 survivors (2048K)
 Metaspace       used 9799K, committed 10112K, reserved 1114112K
  class space    used 1093K, committed 1280K, reserved 1048576K
}
Event: 8.551 GC heap before
{Heap before GC invocations=2 (full 0):
 garbage-first heap   total reserved 1951744K, committed 122880K, used 39190K [0x0000000088e00000, 0x0000000100000000)
  region size 1024K, 34 young (34816K), 2 survivors (2048K)
 Metaspace       used 20441K, committed 20864K, reserved 1114112K
  class space    used 2428K, committed 2624K, reserved 1048576K
}
Event: 8.563 GC heap after
{Heap after GC invocations=3 (full 0):
 garbage-first heap   total reserved 1951744K, committed 122880K, used 11373K [0x0000000088e00000, 0x0000000100000000)
  region size 1024K, 5 young (5120K), 5 survivors (5120K)
 Metaspace       used 20441K, committed 20864K, reserved 1114112K
  class space    used 2428K, committed 2624K, reserved 1048576K
}

